<?xml version="1.0" encoding="UTF-8"?>
<!-- Generated by org.testng.reporters.JUnitReportReporter -->
<testsuite hostname="DESKTOP-2M850KM" name="seleniumPractice.TestngClass" tests="1" failures="0" timestamp="11 Sep 2019 06:45:50 GMT" time="2.011" errors="0">
  <testcase name="test" time="2.011" classname="seleniumPractice.TestngClass"/>
</testsuite> <!-- seleniumPractice.TestngClass -->
