<?xml version="1.0" encoding="UTF-8"?>
<!-- Generated by org.testng.reporters.JUnitReportReporter -->
<testsuite hostname="DESKTOP-2M850KM" name="testng.Hoppigo_Test" tests="4" failures="0" timestamp="28 Nov 2019 12:05:52 GMT" time="172.219" errors="0">
  <testcase name="newHospital" time="12.806" classname="testng.Hoppigo_Test"/>
  <testcase name="fillDepartmentdetails" time="130.773" classname="testng.Hoppigo_Test"/>
  <testcase name="Login" time="11.371" classname="testng.Hoppigo_Test"/>
  <testcase name="newDepartment" time="17.269" classname="testng.Hoppigo_Test"/>
</testsuite> <!-- testng.Hoppigo_Test -->
