<?xml version="1.0" encoding="UTF-8"?>
<!-- Generated by org.testng.reporters.JUnitReportReporter -->
<testsuite hostname="DESKTOP-2M850KM" name="testng.Hoopi_Patient" tests="5" failures="0" timestamp="28 Nov 2019 12:38:08 GMT" time="115.494" errors="0">
  <testcase name="newHospital" time="12.974" classname="testng.Hoopi_Patient"/>
  <testcase name="newDepartment" time="16.830" classname="testng.Hoopi_Patient"/>
  <testcase name="runPatient" time="8.283" classname="testng.Hoopi_Patient"/>
  <testcase name="Login" time="11.467" classname="testng.Hoopi_Patient"/>
  <testcase name="fillDepartmentdetails" time="65.940" classname="testng.Hoopi_Patient"/>
</testsuite> <!-- testng.Hoopi_Patient -->
