<?xml version="1.0" encoding="UTF-8"?>
<!-- Generated by org.testng.reporters.JUnitReportReporter -->
<testsuite hostname="DESKTOP-2M850KM" name="testng.Hoppigo_singin" tests="1" failures="0" timestamp="18 Sep 2019 07:17:33 GMT" time="23.777" errors="0">
  <testcase name="main" time="23.777" classname="testng.Hoppigo_singin"/>
</testsuite> <!-- testng.Hoppigo_singin -->
