<?xml version="1.0" encoding="UTF-8"?>
<!-- Generated by org.testng.reporters.JUnitReportReporter -->
<testsuite hostname="DESKTOP-2M850KM" name="practice.PopupsHandling" tests="1" failures="0" timestamp="10 Dec 2019 12:49:50 GMT" time="54.811" errors="0">
  <testcase name="ExampleForAlert" time="54.811" classname="practice.PopupsHandling"/>
</testsuite> <!-- practice.PopupsHandling -->
